<?xml version="1.0" encoding="UTF-8"?>
<testsuite xmlns:xsi="http://www.w3.org/2001/XMLSchema-instance" xsi:noNamespaceSchemaLocation="https://maven.apache.org/surefire/maven-surefire-plugin/xsd/surefire-test-report-3.0.xsd" version="3.0" name="TestSuite" time="316.249" tests="6" errors="0" skipped="0" failures="0">
  <properties>
    <property name="java.specification.version" value="21"/>
    <property name="sun.cpu.isalist" value="amd64"/>
    <property name="sun.jnu.encoding" value="Cp1252"/>
    <property name="testng.Skipped" value="0"/>
    <property name="java.class.path" value="C:\Users\svs deepak\eclipse-workspace\MagentoApplication\target\test-classes;C:\Users\svs deepak\eclipse-workspace\MagentoApplication\target\classes;C:\Users\svs deepak\.m2\repository\org\seleniumhq\selenium\selenium-java\4.29.0\selenium-java-4.29.0.jar;C:\Users\svs deepak\.m2\repository\org\seleniumhq\selenium\selenium-api\4.29.0\selenium-api-4.29.0.jar;C:\Users\svs deepak\.m2\repository\org\jspecify\jspecify\1.0.0\jspecify-1.0.0.jar;C:\Users\svs deepak\.m2\repository\org\seleniumhq\selenium\selenium-chrome-driver\4.29.0\selenium-chrome-driver-4.29.0.jar;C:\Users\svs deepak\.m2\repository\com\google\auto\service\auto-service-annotations\1.1.1\auto-service-annotations-1.1.1.jar;C:\Users\svs deepak\.m2\repository\org\seleniumhq\selenium\selenium-chromium-driver\4.29.0\selenium-chromium-driver-4.29.0.jar;C:\Users\svs deepak\.m2\repository\org\seleniumhq\selenium\selenium-json\4.29.0\selenium-json-4.29.0.jar;C:\Users\svs deepak\.m2\repository\org\seleniumhq\selenium\selenium-manager\4.29.0\selenium-manager-4.29.0.jar;C:\Users\svs deepak\.m2\repository\org\seleniumhq\selenium\selenium-devtools-v131\4.29.0\selenium-devtools-v131-4.29.0.jar;C:\Users\svs deepak\.m2\repository\org\seleniumhq\selenium\selenium-devtools-v132\4.29.0\selenium-devtools-v132-4.29.0.jar;C:\Users\svs deepak\.m2\repository\org\seleniumhq\selenium\selenium-devtools-v133\4.29.0\selenium-devtools-v133-4.29.0.jar;C:\Users\svs deepak\.m2\repository\org\seleniumhq\selenium\selenium-devtools-v85\4.29.0\selenium-devtools-v85-4.29.0.jar;C:\Users\svs deepak\.m2\repository\org\seleniumhq\selenium\selenium-edge-driver\4.29.0\selenium-edge-driver-4.29.0.jar;C:\Users\svs deepak\.m2\repository\org\seleniumhq\selenium\selenium-firefox-driver\4.29.0\selenium-firefox-driver-4.29.0.jar;C:\Users\svs deepak\.m2\repository\org\seleniumhq\selenium\selenium-http\4.29.0\selenium-http-4.29.0.jar;C:\Users\svs deepak\.m2\repository\org\seleniumhq\selenium\selenium-ie-driver\4.29.0\selenium-ie-driver-4.29.0.jar;C:\Users\svs deepak\.m2\repository\org\seleniumhq\selenium\selenium-remote-driver\4.29.0\selenium-remote-driver-4.29.0.jar;C:\Users\svs deepak\.m2\repository\com\google\guava\guava\33.4.0-jre\guava-33.4.0-jre.jar;C:\Users\svs deepak\.m2\repository\com\google\guava\failureaccess\1.0.2\failureaccess-1.0.2.jar;C:\Users\svs deepak\.m2\repository\com\google\guava\listenablefuture\9999.0-empty-to-avoid-conflict-with-guava\listenablefuture-9999.0-empty-to-avoid-conflict-with-guava.jar;C:\Users\svs deepak\.m2\repository\com\google\code\findbugs\jsr305\3.0.2\jsr305-3.0.2.jar;C:\Users\svs deepak\.m2\repository\org\checkerframework\checker-qual\3.43.0\checker-qual-3.43.0.jar;C:\Users\svs deepak\.m2\repository\com\google\errorprone\error_prone_annotations\2.36.0\error_prone_annotations-2.36.0.jar;C:\Users\svs deepak\.m2\repository\com\google\j2objc\j2objc-annotations\3.0.0\j2objc-annotations-3.0.0.jar;C:\Users\svs deepak\.m2\repository\io\opentelemetry\semconv\opentelemetry-semconv\1.28.0-alpha\opentelemetry-semconv-1.28.0-alpha.jar;C:\Users\svs deepak\.m2\repository\io\opentelemetry\opentelemetry-api\1.46.0\opentelemetry-api-1.46.0.jar;C:\Users\svs deepak\.m2\repository\io\opentelemetry\opentelemetry-context\1.46.0\opentelemetry-context-1.46.0.jar;C:\Users\svs deepak\.m2\repository\io\opentelemetry\opentelemetry-exporter-logging\1.46.0\opentelemetry-exporter-logging-1.46.0.jar;C:\Users\svs deepak\.m2\repository\io\opentelemetry\opentelemetry-sdk-common\1.46.0\opentelemetry-sdk-common-1.46.0.jar;C:\Users\svs deepak\.m2\repository\io\opentelemetry\opentelemetry-sdk-extension-autoconfigure-spi\1.46.0\opentelemetry-sdk-extension-autoconfigure-spi-1.46.0.jar;C:\Users\svs deepak\.m2\repository\io\opentelemetry\opentelemetry-sdk-extension-autoconfigure\1.46.0\opentelemetry-sdk-extension-autoconfigure-1.46.0.jar;C:\Users\svs deepak\.m2\repository\io\opentelemetry\opentelemetry-api-incubator\1.46.0-alpha\opentelemetry-api-incubator-1.46.0-alpha.jar;C:\Users\svs deepak\.m2\repository\io\opentelemetry\opentelemetry-sdk-trace\1.46.0\opentelemetry-sdk-trace-1.46.0.jar;C:\Users\svs deepak\.m2\repository\io\opentelemetry\opentelemetry-sdk\1.46.0\opentelemetry-sdk-1.46.0.jar;C:\Users\svs deepak\.m2\repository\io\opentelemetry\opentelemetry-sdk-metrics\1.46.0\opentelemetry-sdk-metrics-1.46.0.jar;C:\Users\svs deepak\.m2\repository\io\opentelemetry\opentelemetry-sdk-logs\1.46.0\opentelemetry-sdk-logs-1.46.0.jar;C:\Users\svs deepak\.m2\repository\net\bytebuddy\byte-buddy\1.15.11\byte-buddy-1.15.11.jar;C:\Users\svs deepak\.m2\repository\org\seleniumhq\selenium\selenium-os\4.29.0\selenium-os-4.29.0.jar;C:\Users\svs deepak\.m2\repository\org\apache\commons\commons-exec\1.4.0\commons-exec-1.4.0.jar;C:\Users\svs deepak\.m2\repository\org\seleniumhq\selenium\selenium-safari-driver\4.29.0\selenium-safari-driver-4.29.0.jar;C:\Users\svs deepak\.m2\repository\org\seleniumhq\selenium\selenium-support\4.29.0\selenium-support-4.29.0.jar;C:\Users\svs deepak\.m2\repository\org\apache\poi\poi\5.4.0\poi-5.4.0.jar;C:\Users\svs deepak\.m2\repository\commons-codec\commons-codec\1.17.1\commons-codec-1.17.1.jar;C:\Users\svs deepak\.m2\repository\org\apache\commons\commons-collections4\4.4\commons-collections4-4.4.jar;C:\Users\svs deepak\.m2\repository\org\apache\commons\commons-math3\3.6.1\commons-math3-3.6.1.jar;C:\Users\svs deepak\.m2\repository\commons-io\commons-io\2.18.0\commons-io-2.18.0.jar;C:\Users\svs deepak\.m2\repository\com\zaxxer\SparseBitSet\1.3\SparseBitSet-1.3.jar;C:\Users\svs deepak\.m2\repository\org\apache\logging\log4j\log4j-api\2.24.3\log4j-api-2.24.3.jar;C:\Users\svs deepak\.m2\repository\org\apache\poi\poi-ooxml\5.4.0\poi-ooxml-5.4.0.jar;C:\Users\svs deepak\.m2\repository\org\apache\poi\poi-ooxml-lite\5.4.0\poi-ooxml-lite-5.4.0.jar;C:\Users\svs deepak\.m2\repository\org\apache\xmlbeans\xmlbeans\5.3.0\xmlbeans-5.3.0.jar;C:\Users\svs deepak\.m2\repository\org\apache\commons\commons-compress\1.27.1\commons-compress-1.27.1.jar;C:\Users\svs deepak\.m2\repository\org\apache\commons\commons-lang3\3.16.0\commons-lang3-3.16.0.jar;C:\Users\svs deepak\.m2\repository\com\github\virtuald\curvesapi\1.08\curvesapi-1.08.jar;C:\Users\svs deepak\.m2\repository\io\cucumber\cucumber-java\7.21.1\cucumber-java-7.21.1.jar;C:\Users\svs deepak\.m2\repository\org\apiguardian\apiguardian-api\1.1.2\apiguardian-api-1.1.2.jar;C:\Users\svs deepak\.m2\repository\io\cucumber\cucumber-picocontainer\7.21.1\cucumber-picocontainer-7.21.1.jar;C:\Users\svs deepak\.m2\repository\org\picocontainer\picocontainer\2.15\picocontainer-2.15.jar;C:\Users\svs deepak\.m2\repository\io\cucumber\cucumber-core\7.21.1\cucumber-core-7.21.1.jar;C:\Users\svs deepak\.m2\repository\io\cucumber\cucumber-gherkin-messages\7.21.1\cucumber-gherkin-messages-7.21.1.jar;C:\Users\svs deepak\.m2\repository\io\cucumber\gherkin\31.0.0\gherkin-31.0.0.jar;C:\Users\svs deepak\.m2\repository\io\cucumber\messages\27.2.0\messages-27.2.0.jar;C:\Users\svs deepak\.m2\repository\io\cucumber\testng-xml-formatter\0.3.1\testng-xml-formatter-0.3.1.jar;C:\Users\svs deepak\.m2\repository\io\cucumber\query\13.2.0\query-13.2.0.jar;C:\Users\svs deepak\.m2\repository\io\cucumber\tag-expressions\6.1.2\tag-expressions-6.1.2.jar;C:\Users\svs deepak\.m2\repository\io\cucumber\cucumber-expressions\18.0.1\cucumber-expressions-18.0.1.jar;C:\Users\svs deepak\.m2\repository\io\cucumber\datatable\7.21.1\datatable-7.21.1.jar;C:\Users\svs deepak\.m2\repository\io\cucumber\cucumber-plugin\7.21.1\cucumber-plugin-7.21.1.jar;C:\Users\svs deepak\.m2\repository\io\cucumber\docstring\7.21.1\docstring-7.21.1.jar;C:\Users\svs deepak\.m2\repository\io\cucumber\html-formatter\21.9.0\html-formatter-21.9.0.jar;C:\Users\svs deepak\.m2\repository\io\cucumber\junit-xml-formatter\0.7.1\junit-xml-formatter-0.7.1.jar;C:\Users\svs deepak\.m2\repository\io\cucumber\ci-environment\10.0.1\ci-environment-10.0.1.jar;C:\Users\svs deepak\.m2\repository\io\cucumber\cucumber-testng\7.21.1\cucumber-testng-7.21.1.jar;C:\Users\svs deepak\.m2\repository\org\testng\testng\7.10.2\testng-7.10.2.jar;C:\Users\svs deepak\.m2\repository\com\beust\jcommander\1.82\jcommander-1.82.jar;C:\Users\svs deepak\.m2\repository\org\webjars\jquery\3.7.1\jquery-3.7.1.jar;C:\Users\svs deepak\.m2\repository\io\cucumber\cucumber-gherkin\7.21.1\cucumber-gherkin-7.21.1.jar;C:\Users\svs deepak\.m2\repository\io\qameta\allure\allure-testng\2.29.1\allure-testng-2.29.1.jar;C:\Users\svs deepak\.m2\repository\io\qameta\allure\allure-java-commons\2.29.1\allure-java-commons-2.29.1.jar;C:\Users\svs deepak\.m2\repository\io\qameta\allure\allure-model\2.29.1\allure-model-2.29.1.jar;C:\Users\svs deepak\.m2\repository\io\qameta\allure\allure-test-filter\2.29.1\allure-test-filter-2.29.1.jar;C:\Users\svs deepak\.m2\repository\com\aventstack\extentreports\5.1.2\extentreports-5.1.2.jar;C:\Users\svs deepak\.m2\repository\io\reactivex\rxjava3\rxjava\3.1.6\rxjava-3.1.6.jar;C:\Users\svs deepak\.m2\repository\org\reactivestreams\reactive-streams\1.0.4\reactive-streams-1.0.4.jar;C:\Users\svs deepak\.m2\repository\org\freemarker\freemarker\2.3.32\freemarker-2.3.32.jar;C:\Users\svs deepak\.m2\repository\org\projectlombok\lombok\1.18.26\lombok-1.18.26.jar;C:\Users\svs deepak\.m2\repository\com\google\code\gson\gson\2.10.1\gson-2.10.1.jar;C:\Users\svs deepak\.m2\repository\com\github\sdrss\reportng\2.7.0\reportng-2.7.0.jar;C:\Users\svs deepak\.m2\repository\velocity\velocity\1.5\velocity-1.5.jar;C:\Users\svs deepak\.m2\repository\commons-collections\commons-collections\3.1\commons-collections-3.1.jar;C:\Users\svs deepak\.m2\repository\commons-lang\commons-lang\2.1\commons-lang-2.1.jar;C:\Users\svs deepak\.m2\repository\oro\oro\2.0.8\oro-2.0.8.jar;C:\Users\svs deepak\.m2\repository\com\fasterxml\jackson\core\jackson-core\2.10.1\jackson-core-2.10.1.jar;C:\Users\svs deepak\.m2\repository\com\fasterxml\jackson\core\jackson-databind\2.12.7.1\jackson-databind-2.12.7.1.jar;C:\Users\svs deepak\.m2\repository\com\fasterxml\jackson\core\jackson-annotations\2.10.1\jackson-annotations-2.10.1.jar;C:\Users\svs deepak\.m2\repository\com\google\inject\guice\4.2.2\guice-4.2.2.jar;C:\Users\svs deepak\.m2\repository\javax\inject\javax.inject\1\javax.inject-1.jar;C:\Users\svs deepak\.m2\repository\aopalliance\aopalliance\1.0\aopalliance-1.0.jar;C:\Users\svs deepak\.m2\repository\org\slf4j\slf4j-api\1.7.29\slf4j-api-1.7.29.jar;"/>
    <property name="java.vm.vendor" value="Oracle Corporation"/>
    <property name="sun.arch.data.model" value="64"/>
    <property name="user.variant" value=""/>
    <property name="java.vendor.url" value="https://java.oracle.com/"/>
    <property name="user.timezone" value="Asia/Calcutta"/>
    <property name="os.name" value="Windows 11"/>
    <property name="java.vm.specification.version" value="21"/>
    <property name="sun.java.launcher" value="SUN_STANDARD"/>
    <property name="user.country" value="IN"/>
    <property name="sun.boot.library.path" value="C:\Program Files\Java\jdk-21\bin"/>
    <property name="sun.java.command" value="C:\Users\svs deepak\AppData\Local\Temp\surefire18034710980718891336\surefirebooter10711799485532492024.jar C:\Users\svs deepak\AppData\Local\Temp\surefire18034710980718891336 2025-03-25T17-44-06_271-jvmRun1 surefire16102461047884428466tmp surefire_07692882716957219479tmp"/>
    <property name="jdk.debug" value="release"/>
    <property name="surefire.test.class.path" value="C:\Users\svs deepak\eclipse-workspace\MagentoApplication\target\test-classes;C:\Users\svs deepak\eclipse-workspace\MagentoApplication\target\classes;C:\Users\svs deepak\.m2\repository\org\seleniumhq\selenium\selenium-java\4.29.0\selenium-java-4.29.0.jar;C:\Users\svs deepak\.m2\repository\org\seleniumhq\selenium\selenium-api\4.29.0\selenium-api-4.29.0.jar;C:\Users\svs deepak\.m2\repository\org\jspecify\jspecify\1.0.0\jspecify-1.0.0.jar;C:\Users\svs deepak\.m2\repository\org\seleniumhq\selenium\selenium-chrome-driver\4.29.0\selenium-chrome-driver-4.29.0.jar;C:\Users\svs deepak\.m2\repository\com\google\auto\service\auto-service-annotations\1.1.1\auto-service-annotations-1.1.1.jar;C:\Users\svs deepak\.m2\repository\org\seleniumhq\selenium\selenium-chromium-driver\4.29.0\selenium-chromium-driver-4.29.0.jar;C:\Users\svs deepak\.m2\repository\org\seleniumhq\selenium\selenium-json\4.29.0\selenium-json-4.29.0.jar;C:\Users\svs deepak\.m2\repository\org\seleniumhq\selenium\selenium-manager\4.29.0\selenium-manager-4.29.0.jar;C:\Users\svs deepak\.m2\repository\org\seleniumhq\selenium\selenium-devtools-v131\4.29.0\selenium-devtools-v131-4.29.0.jar;C:\Users\svs deepak\.m2\repository\org\seleniumhq\selenium\selenium-devtools-v132\4.29.0\selenium-devtools-v132-4.29.0.jar;C:\Users\svs deepak\.m2\repository\org\seleniumhq\selenium\selenium-devtools-v133\4.29.0\selenium-devtools-v133-4.29.0.jar;C:\Users\svs deepak\.m2\repository\org\seleniumhq\selenium\selenium-devtools-v85\4.29.0\selenium-devtools-v85-4.29.0.jar;C:\Users\svs deepak\.m2\repository\org\seleniumhq\selenium\selenium-edge-driver\4.29.0\selenium-edge-driver-4.29.0.jar;C:\Users\svs deepak\.m2\repository\org\seleniumhq\selenium\selenium-firefox-driver\4.29.0\selenium-firefox-driver-4.29.0.jar;C:\Users\svs deepak\.m2\repository\org\seleniumhq\selenium\selenium-http\4.29.0\selenium-http-4.29.0.jar;C:\Users\svs deepak\.m2\repository\org\seleniumhq\selenium\selenium-ie-driver\4.29.0\selenium-ie-driver-4.29.0.jar;C:\Users\svs deepak\.m2\repository\org\seleniumhq\selenium\selenium-remote-driver\4.29.0\selenium-remote-driver-4.29.0.jar;C:\Users\svs deepak\.m2\repository\com\google\guava\guava\33.4.0-jre\guava-33.4.0-jre.jar;C:\Users\svs deepak\.m2\repository\com\google\guava\failureaccess\1.0.2\failureaccess-1.0.2.jar;C:\Users\svs deepak\.m2\repository\com\google\guava\listenablefuture\9999.0-empty-to-avoid-conflict-with-guava\listenablefuture-9999.0-empty-to-avoid-conflict-with-guava.jar;C:\Users\svs deepak\.m2\repository\com\google\code\findbugs\jsr305\3.0.2\jsr305-3.0.2.jar;C:\Users\svs deepak\.m2\repository\org\checkerframework\checker-qual\3.43.0\checker-qual-3.43.0.jar;C:\Users\svs deepak\.m2\repository\com\google\errorprone\error_prone_annotations\2.36.0\error_prone_annotations-2.36.0.jar;C:\Users\svs deepak\.m2\repository\com\google\j2objc\j2objc-annotations\3.0.0\j2objc-annotations-3.0.0.jar;C:\Users\svs deepak\.m2\repository\io\opentelemetry\semconv\opentelemetry-semconv\1.28.0-alpha\opentelemetry-semconv-1.28.0-alpha.jar;C:\Users\svs deepak\.m2\repository\io\opentelemetry\opentelemetry-api\1.46.0\opentelemetry-api-1.46.0.jar;C:\Users\svs deepak\.m2\repository\io\opentelemetry\opentelemetry-context\1.46.0\opentelemetry-context-1.46.0.jar;C:\Users\svs deepak\.m2\repository\io\opentelemetry\opentelemetry-exporter-logging\1.46.0\opentelemetry-exporter-logging-1.46.0.jar;C:\Users\svs deepak\.m2\repository\io\opentelemetry\opentelemetry-sdk-common\1.46.0\opentelemetry-sdk-common-1.46.0.jar;C:\Users\svs deepak\.m2\repository\io\opentelemetry\opentelemetry-sdk-extension-autoconfigure-spi\1.46.0\opentelemetry-sdk-extension-autoconfigure-spi-1.46.0.jar;C:\Users\svs deepak\.m2\repository\io\opentelemetry\opentelemetry-sdk-extension-autoconfigure\1.46.0\opentelemetry-sdk-extension-autoconfigure-1.46.0.jar;C:\Users\svs deepak\.m2\repository\io\opentelemetry\opentelemetry-api-incubator\1.46.0-alpha\opentelemetry-api-incubator-1.46.0-alpha.jar;C:\Users\svs deepak\.m2\repository\io\opentelemetry\opentelemetry-sdk-trace\1.46.0\opentelemetry-sdk-trace-1.46.0.jar;C:\Users\svs deepak\.m2\repository\io\opentelemetry\opentelemetry-sdk\1.46.0\opentelemetry-sdk-1.46.0.jar;C:\Users\svs deepak\.m2\repository\io\opentelemetry\opentelemetry-sdk-metrics\1.46.0\opentelemetry-sdk-metrics-1.46.0.jar;C:\Users\svs deepak\.m2\repository\io\opentelemetry\opentelemetry-sdk-logs\1.46.0\opentelemetry-sdk-logs-1.46.0.jar;C:\Users\svs deepak\.m2\repository\net\bytebuddy\byte-buddy\1.15.11\byte-buddy-1.15.11.jar;C:\Users\svs deepak\.m2\repository\org\seleniumhq\selenium\selenium-os\4.29.0\selenium-os-4.29.0.jar;C:\Users\svs deepak\.m2\repository\org\apache\commons\commons-exec\1.4.0\commons-exec-1.4.0.jar;C:\Users\svs deepak\.m2\repository\org\seleniumhq\selenium\selenium-safari-driver\4.29.0\selenium-safari-driver-4.29.0.jar;C:\Users\svs deepak\.m2\repository\org\seleniumhq\selenium\selenium-support\4.29.0\selenium-support-4.29.0.jar;C:\Users\svs deepak\.m2\repository\org\apache\poi\poi\5.4.0\poi-5.4.0.jar;C:\Users\svs deepak\.m2\repository\commons-codec\commons-codec\1.17.1\commons-codec-1.17.1.jar;C:\Users\svs deepak\.m2\repository\org\apache\commons\commons-collections4\4.4\commons-collections4-4.4.jar;C:\Users\svs deepak\.m2\repository\org\apache\commons\commons-math3\3.6.1\commons-math3-3.6.1.jar;C:\Users\svs deepak\.m2\repository\commons-io\commons-io\2.18.0\commons-io-2.18.0.jar;C:\Users\svs deepak\.m2\repository\com\zaxxer\SparseBitSet\1.3\SparseBitSet-1.3.jar;C:\Users\svs deepak\.m2\repository\org\apache\logging\log4j\log4j-api\2.24.3\log4j-api-2.24.3.jar;C:\Users\svs deepak\.m2\repository\org\apache\poi\poi-ooxml\5.4.0\poi-ooxml-5.4.0.jar;C:\Users\svs deepak\.m2\repository\org\apache\poi\poi-ooxml-lite\5.4.0\poi-ooxml-lite-5.4.0.jar;C:\Users\svs deepak\.m2\repository\org\apache\xmlbeans\xmlbeans\5.3.0\xmlbeans-5.3.0.jar;C:\Users\svs deepak\.m2\repository\org\apache\commons\commons-compress\1.27.1\commons-compress-1.27.1.jar;C:\Users\svs deepak\.m2\repository\org\apache\commons\commons-lang3\3.16.0\commons-lang3-3.16.0.jar;C:\Users\svs deepak\.m2\repository\com\github\virtuald\curvesapi\1.08\curvesapi-1.08.jar;C:\Users\svs deepak\.m2\repository\io\cucumber\cucumber-java\7.21.1\cucumber-java-7.21.1.jar;C:\Users\svs deepak\.m2\repository\org\apiguardian\apiguardian-api\1.1.2\apiguardian-api-1.1.2.jar;C:\Users\svs deepak\.m2\repository\io\cucumber\cucumber-picocontainer\7.21.1\cucumber-picocontainer-7.21.1.jar;C:\Users\svs deepak\.m2\repository\org\picocontainer\picocontainer\2.15\picocontainer-2.15.jar;C:\Users\svs deepak\.m2\repository\io\cucumber\cucumber-core\7.21.1\cucumber-core-7.21.1.jar;C:\Users\svs deepak\.m2\repository\io\cucumber\cucumber-gherkin-messages\7.21.1\cucumber-gherkin-messages-7.21.1.jar;C:\Users\svs deepak\.m2\repository\io\cucumber\gherkin\31.0.0\gherkin-31.0.0.jar;C:\Users\svs deepak\.m2\repository\io\cucumber\messages\27.2.0\messages-27.2.0.jar;C:\Users\svs deepak\.m2\repository\io\cucumber\testng-xml-formatter\0.3.1\testng-xml-formatter-0.3.1.jar;C:\Users\svs deepak\.m2\repository\io\cucumber\query\13.2.0\query-13.2.0.jar;C:\Users\svs deepak\.m2\repository\io\cucumber\tag-expressions\6.1.2\tag-expressions-6.1.2.jar;C:\Users\svs deepak\.m2\repository\io\cucumber\cucumber-expressions\18.0.1\cucumber-expressions-18.0.1.jar;C:\Users\svs deepak\.m2\repository\io\cucumber\datatable\7.21.1\datatable-7.21.1.jar;C:\Users\svs deepak\.m2\repository\io\cucumber\cucumber-plugin\7.21.1\cucumber-plugin-7.21.1.jar;C:\Users\svs deepak\.m2\repository\io\cucumber\docstring\7.21.1\docstring-7.21.1.jar;C:\Users\svs deepak\.m2\repository\io\cucumber\html-formatter\21.9.0\html-formatter-21.9.0.jar;C:\Users\svs deepak\.m2\repository\io\cucumber\junit-xml-formatter\0.7.1\junit-xml-formatter-0.7.1.jar;C:\Users\svs deepak\.m2\repository\io\cucumber\ci-environment\10.0.1\ci-environment-10.0.1.jar;C:\Users\svs deepak\.m2\repository\io\cucumber\cucumber-testng\7.21.1\cucumber-testng-7.21.1.jar;C:\Users\svs deepak\.m2\repository\org\testng\testng\7.10.2\testng-7.10.2.jar;C:\Users\svs deepak\.m2\repository\com\beust\jcommander\1.82\jcommander-1.82.jar;C:\Users\svs deepak\.m2\repository\org\webjars\jquery\3.7.1\jquery-3.7.1.jar;C:\Users\svs deepak\.m2\repository\io\cucumber\cucumber-gherkin\7.21.1\cucumber-gherkin-7.21.1.jar;C:\Users\svs deepak\.m2\repository\io\qameta\allure\allure-testng\2.29.1\allure-testng-2.29.1.jar;C:\Users\svs deepak\.m2\repository\io\qameta\allure\allure-java-commons\2.29.1\allure-java-commons-2.29.1.jar;C:\Users\svs deepak\.m2\repository\io\qameta\allure\allure-model\2.29.1\allure-model-2.29.1.jar;C:\Users\svs deepak\.m2\repository\io\qameta\allure\allure-test-filter\2.29.1\allure-test-filter-2.29.1.jar;C:\Users\svs deepak\.m2\repository\com\aventstack\extentreports\5.1.2\extentreports-5.1.2.jar;C:\Users\svs deepak\.m2\repository\io\reactivex\rxjava3\rxjava\3.1.6\rxjava-3.1.6.jar;C:\Users\svs deepak\.m2\repository\org\reactivestreams\reactive-streams\1.0.4\reactive-streams-1.0.4.jar;C:\Users\svs deepak\.m2\repository\org\freemarker\freemarker\2.3.32\freemarker-2.3.32.jar;C:\Users\svs deepak\.m2\repository\org\projectlombok\lombok\1.18.26\lombok-1.18.26.jar;C:\Users\svs deepak\.m2\repository\com\google\code\gson\gson\2.10.1\gson-2.10.1.jar;C:\Users\svs deepak\.m2\repository\com\github\sdrss\reportng\2.7.0\reportng-2.7.0.jar;C:\Users\svs deepak\.m2\repository\velocity\velocity\1.5\velocity-1.5.jar;C:\Users\svs deepak\.m2\repository\commons-collections\commons-collections\3.1\commons-collections-3.1.jar;C:\Users\svs deepak\.m2\repository\commons-lang\commons-lang\2.1\commons-lang-2.1.jar;C:\Users\svs deepak\.m2\repository\oro\oro\2.0.8\oro-2.0.8.jar;C:\Users\svs deepak\.m2\repository\com\fasterxml\jackson\core\jackson-core\2.10.1\jackson-core-2.10.1.jar;C:\Users\svs deepak\.m2\repository\com\fasterxml\jackson\core\jackson-databind\2.12.7.1\jackson-databind-2.12.7.1.jar;C:\Users\svs deepak\.m2\repository\com\fasterxml\jackson\core\jackson-annotations\2.10.1\jackson-annotations-2.10.1.jar;C:\Users\svs deepak\.m2\repository\com\google\inject\guice\4.2.2\guice-4.2.2.jar;C:\Users\svs deepak\.m2\repository\javax\inject\javax.inject\1\javax.inject-1.jar;C:\Users\svs deepak\.m2\repository\aopalliance\aopalliance\1.0\aopalliance-1.0.jar;C:\Users\svs deepak\.m2\repository\org\slf4j\slf4j-api\1.7.29\slf4j-api-1.7.29.jar;"/>
    <property name="sun.cpu.endian" value="little"/>
    <property name="user.home" value="C:\Users\svs deepak"/>
    <property name="user.language" value="en"/>
    <property name="java.specification.vendor" value="Oracle Corporation"/>
    <property name="java.version.date" value="2025-01-21"/>
    <property name="java.home" value="C:\Program Files\Java\jdk-21"/>
    <property name="file.separator" value="\"/>
    <property name="basedir" value="C:\Users\svs deepak\eclipse-workspace\MagentoApplication"/>
    <property name="style.color" value="always"/>
    <property name="java.vm.compressedOopsMode" value="Zero based"/>
    <property name="line.separator" value="&#10;"/>
    <property name="testng.Failed" value="0"/>
    <property name="java.vm.specification.vendor" value="Oracle Corporation"/>
    <property name="java.specification.name" value="Java Platform API Specification"/>
    <property name="surefire.real.class.path" value="C:\Users\svs deepak\AppData\Local\Temp\surefire18034710980718891336\surefirebooter10711799485532492024.jar"/>
    <property name="user.script" value=""/>
    <property name="sun.management.compiler" value="HotSpot 64-Bit Tiered Compilers"/>
    <property name="java.runtime.version" value="21.0.6+8-LTS-188"/>
    <property name="user.name" value="svs deepak"/>
    <property name="stdout.encoding" value="Cp1252"/>
    <property name="path.separator" value=";"/>
    <property name="os.version" value="10.0"/>
    <property name="testng.KnownDefect" value="0"/>
    <property name="java.runtime.name" value="Java(TM) SE Runtime Environment"/>
    <property name="file.encoding" value="UTF-8"/>
    <property name="testng.Fixed" value="0"/>
    <property name="java.vm.name" value="Java HotSpot(TM) 64-Bit Server VM"/>
    <property name="localRepository" value="C:\Users\svs deepak\.m2\repository"/>
    <property name="java.vendor.url.bug" value="https://bugreport.java.com/bugreport/"/>
    <property name="java.io.tmpdir" value="C:\Users\SVSDEE~1\AppData\Local\Temp\"/>
    <property name="java.version" value="21.0.6"/>
    <property name="user.dir" value="C:\Users\svs deepak\eclipse-workspace\MagentoApplication"/>
    <property name="os.arch" value="amd64"/>
    <property name="java.vm.specification.name" value="Java Virtual Machine Specification"/>
    <property name="sun.os.patch.level" value=""/>
    <property name="native.encoding" value="Cp1252"/>
    <property name="java.library.path" value="C:\Program Files\Java\jdk-21\bin;C:\WINDOWS\Sun\Java\bin;C:\WINDOWS\system32;C:\WINDOWS;C:\Program Files\Common Files\Oracle\Java\javapath;C:\WINDOWS\system32;C:\WINDOWS;C:\WINDOWS\System32\Wbem;C:\WINDOWS\System32\WindowsPowerShell\v1.0\;C:\WINDOWS\System32\OpenSSH\;C:\Program Files\HP\HP One Agent;C:\Program Files\Java\jdk-23\bin;C:\WINDOWS\system32;C:\WINDOWS;C:\WINDOWS\System32\Wbem;C:\WINDOWS\System32\WindowsPowerShell\v1.0\;C:\WINDOWS\System32\OpenSSH\;C:\Program Files\MySQL\MySQL Server 8.0\bin;C:\Program Files\Java\jdk-21\bin;C:\JAVA JAR files libraries\allure-2.33.0\allure-2.33.0\bin;C:\Program Files\Git\cmd;D:\maven\apache-maven-3.9.9-bin\apache-maven-3.9.9;C:\Program Files\MySQL\MySQL Shell 8.0\bin\;C:\Users\svs deepak\AppData\Local\Microsoft\WindowsApps;;."/>
    <property name="java.vm.info" value="mixed mode, sharing"/>
    <property name="stderr.encoding" value="Cp1252"/>
    <property name="java.vendor" value="Oracle Corporation"/>
    <property name="java.vm.version" value="21.0.6+8-LTS-188"/>
    <property name="sun.io.unicode.encoding" value="UnicodeLittle"/>
    <property name="testng.Passed" value="6"/>
    <property name="java.class.version" value="65.0"/>
  </properties>
  <testcase name="runScenario[&quot;To check the Creating New customer account page with valid and invalid data&quot;, &quot;Checking User Registration&quot;](1)" classname="com.Magento.TestRunner.magentoAppTestNGTestRunner" time="38.735">
    <system-out><![CDATA[
Scenario Outline: To check the Creating New customer account page with valid and invalid data                                     &amp#27;[90m# src/test/resources/com.Magento.Features/1_UserRegistration.feature:20&amp#27;[0m
  &amp#27;[32mGiven &amp#27;[0m&amp#27;[32mUser opens the browser&amp#27;[0m                                                                                                    &amp#27;[90m# com.Magento.StepDefinition.userRegistrationStepDefinition.user_opens_the_browser()&amp#27;[0m
  &amp#27;[32mAnd &amp#27;[0m&amp#27;[32mUser navigates to the application Url &amp#27;[0m&amp#27;[32m&amp#27;[1m"https://magento.softwaretestingboard.com/"&amp#27;[0m                                           &amp#27;[90m# com.Magento.StepDefinition.userRegistrationStepDefinition.user_navigates_to_the_application_url(java.lang.String)&amp#27;[0m
  &amp#27;[32mWhen &amp#27;[0m&amp#27;[32mUser clicks the link Create an account&amp#27;[0m                                                                                     &amp#27;[90m# com.Magento.StepDefinition.userRegistrationStepDefinition.user_clicks_the_link_create_an_account()&amp#27;[0m
  &amp#27;[32mAnd &amp#27;[0m&amp#27;[32mUser enters the valid &amp#27;[0m&amp#27;[32m&amp#27;[1m'Deepak'&amp#27;[0m&amp#27;[32m in firstname textbox&amp#27;[0m                                                                         &amp#27;[90m# com.Magento.StepDefinition.userRegistrationStepDefinition.user_enters_the_valid_in_firstname_textbox(java.lang.String)&amp#27;[0m
  &amp#27;[32mAnd &amp#27;[0m&amp#27;[32mUser enters the valid &amp#27;[0m&amp#27;[32m&amp#27;[1m'SVSD'&amp#27;[0m&amp#27;[32m in lstname textbox&amp#27;[0m                                                                             &amp#27;[90m# com.Magento.StepDefinition.userRegistrationStepDefinition.user_enters_the_valid_in_lstname_textbox(java.lang.String)&amp#27;[0m
  &amp#27;[32mAnd &amp#27;[0m&amp#27;[32mUser enters the invalid &amp#27;[0m&amp#27;[32m&amp#27;[1m'svsdeepak'&amp#27;[0m&amp#27;[32m in email textbox&amp#27;[0m                                                                        &amp#27;[90m# com.Magento.StepDefinition.userRegistrationStepDefinition.user_enters_the_invalid_in_email_textbox(java.lang.String)&amp#27;[0m
  &amp#27;[32mAnd &amp#27;[0m&amp#27;[32mUser enters the valid &amp#27;[0m&amp#27;[32m&amp#27;[1m'npkC8XBWxs_X9T3'&amp#27;[0m&amp#27;[32m in password textbox&amp#27;[0m                                                                 &amp#27;[90m# com.Magento.StepDefinition.userRegistrationStepDefinition.user_enters_the_valid_in_password_textbox(java.lang.String)&amp#27;[0m
  &amp#27;[32mAnd &amp#27;[0m&amp#27;[32mUser enters the valid &amp#27;[0m&amp#27;[32m&amp#27;[1m'npkC8XBWxs_X9T3'&amp#27;[0m&amp#27;[32m in confirm password textbox&amp#27;[0m                                                         &amp#27;[90m# com.Magento.StepDefinition.userRegistrationStepDefinition.user_enters_the_valid_in_confirm_password_textbox(java.lang.String)&amp#27;[0m
  &amp#27;[32mAnd &amp#27;[0m&amp#27;[32mUser clicks  Create an account button.&amp#27;[0m                                                                                      &amp#27;[90m# com.Magento.StepDefinition.userRegistrationStepDefinition.user_clicks_create_an_account_button()&amp#27;[0m
  &amp#27;[32mThen &amp#27;[0m&amp#27;[32mUser verifies the &amp#27;[0m&amp#27;[32m&amp#27;[1m'Please enter a valid email address (Ex: johndoe@domain.com).'&amp#27;[0m&amp#27;[32m message displayed under the email textbox&amp#27;[0m &amp#27;[90m# com.Magento.StepDefinition.userRegistrationStepDefinition.user_verifies_the_message_displayed_under_the_email_textbox(java.lang.String)&amp#27;[0m
  &amp#27;[32mWhen &amp#27;[0m&amp#27;[32mUser re-enters the email with valid data &amp#27;[0m&amp#27;[32m&amp#27;[1m'svsdeepak110080@gmail.com'&amp#27;[0m                                                       &amp#27;[90m# com.Magento.StepDefinition.userRegistrationStepDefinition.user_re_enters_the_email_with_valid_data(java.lang.String)&amp#27;[0m
  &amp#27;[32mAnd &amp#27;[0m&amp#27;[32mUser clicks  Create an account button.&amp#27;[0m                                                                                      &amp#27;[90m# com.Magento.StepDefinition.userRegistrationStepDefinition.user_clicks_create_an_account_button()&amp#27;[0m
  &amp#27;[32mThen &amp#27;[0m&amp#27;[32mUser verifies thank you &amp#27;[0m&amp#27;[32m&amp#27;[1m'Thank you for registering with Main Website Store.'&amp#27;[0m&amp#27;[32m in the next page&amp#27;[0m                              &amp#27;[90m# com.Magento.StepDefinition.userRegistrationStepDefinition.user_verifies_thank_you_in_the_next_page(java.lang.String)&amp#27;[0m
]]></system-out>
    <system-err><![CDATA[SLF4J: Failed to load class "org.slf4j.impl.StaticLoggerBinder".
SLF4J: Defaulting to no-operation (NOP) logger implementation
SLF4J: See http://www.slf4j.org/codes.html#StaticLoggerBinder for further details.
Mar 25, 2025 5:44:10 PM org.openqa.selenium.devtools.CdpVersionFinder findNearestMatch
WARNING: Unable to find an exact match for CDP version 134, returning the closest version; found: 133; Please update to a Selenium version that supports CDP version 134
]]></system-err>
  </testcase>
  <testcase name="runScenario[&quot;To check SignIn functionality with valid and invalid data&quot;, &quot;Checking SignIn functionality&quot;](2)" classname="com.Magento.TestRunner.magentoAppTestNGTestRunner" time="40.882">
    <system-out><![CDATA[
Scenario Outline: To check SignIn functionality with valid and invalid data                                                                      &amp#27;[90m# src/test/resources/com.Magento.Features/2_SignInFuntion.feature:18&amp#27;[0m
  &amp#27;[32mGiven &amp#27;[0m&amp#27;[32mUser opens the browser&amp#27;[0m                                                                                                                   &amp#27;[90m# com.Magento.StepDefinition.userRegistrationStepDefinition.user_opens_the_browser()&amp#27;[0m
  &amp#27;[32mAnd &amp#27;[0m&amp#27;[32mUser navigates to the application Url &amp#27;[0m&amp#27;[32m&amp#27;[1m"https://magento.softwaretestingboard.com/"&amp#27;[0m                                                          &amp#27;[90m# com.Magento.StepDefinition.userRegistrationStepDefinition.user_navigates_to_the_application_url(java.lang.String)&amp#27;[0m
  &amp#27;[32mWhen &amp#27;[0m&amp#27;[32mUser click the Sign in link in the homepage&amp#27;[0m                                                                                               &amp#27;[90m# com.Magento.StepDefinition.signInFunctionStepDefinition.user_click_the_sign_in_link_in_the_homepage()&amp#27;[0m
2025-03-25T12:15:21.390072600Z main ERROR Log4j API could not find a logging provider.
  &amp#27;[32mAnd &amp#27;[0m&amp#27;[32muser Enters invalid password in the Login Credentials&amp#27;[0m                                                                                      &amp#27;[90m# com.Magento.StepDefinition.signInFunctionStepDefinition.user_enters_invalid_password_in_the_login_credentials(io.cucumber.datatable.DataTable)&amp#27;[0m
    | Exceldata.xlsx |
  &amp#27;[32mAnd &amp#27;[0m&amp#27;[32mUser click the sign in button&amp#27;[0m                                                                                                              &amp#27;[90m# com.Magento.StepDefinition.signInFunctionStepDefinition.user_click_the_sign_in_button()&amp#27;[0m
  &amp#27;[32mThen &amp#27;[0m&amp#27;[32mUser verifies for the error &amp#27;[0m&amp#27;[32m&amp#27;[1m'The account sign-in was incorrect or your account is disabled temporarily. Please wait and try again later.'&amp#27;[0m &amp#27;[90m# com.Magento.StepDefinition.signInFunctionStepDefinition.user_verifies_for_the_error(java.lang.String)&amp#27;[0m
  &amp#27;[32mWhen &amp#27;[0m&amp#27;[32muser Enters the valid Login Credentials&amp#27;[0m                                                                                                   &amp#27;[90m# com.Magento.StepDefinition.signInFunctionStepDefinition.user_enters_the_valid_login_credentials(io.cucumber.datatable.DataTable)&amp#27;[0m
    | Exceldata.xlsx |
  &amp#27;[32mAnd &amp#27;[0m&amp#27;[32mUser click the sign in button&amp#27;[0m                                                                                                              &amp#27;[90m# com.Magento.StepDefinition.signInFunctionStepDefinition.user_click_the_sign_in_button()&amp#27;[0m
  &amp#27;[32mThen &amp#27;[0m&amp#27;[32mUser verifies the &amp#27;[0m&amp#27;[32m&amp#27;[1m"Home Page"&amp#27;[0m                                                                                                             &amp#27;[90m# com.Magento.StepDefinition.signInFunctionStepDefinition.user_verifies_the(java.lang.String)&amp#27;[0m
]]></system-out>
    <system-err><![CDATA[Mar 25, 2025 5:44:47 PM org.openqa.selenium.devtools.CdpVersionFinder findNearestMatch
WARNING: Unable to find an exact match for CDP version 134, returning the closest version; found: 133; Please update to a Selenium version that supports CDP version 134
]]></system-err>
  </testcase>
  <testcase name="runScenario[&quot;Auto suggestion feature in search and addition of product in the cart.&quot;, &quot;Checking Login,product search,Adding product to cart&quot;](3)" classname="com.Magento.TestRunner.magentoAppTestNGTestRunner" time="122.264">
    <system-out><![CDATA[
Scenario Outline: Auto suggestion feature in search and addition of product in the cart.                        &amp#27;[90m# src/test/resources/com.Magento.Features/3_ProductSelection.feature:20&amp#27;[0m
  &amp#27;[32mGiven &amp#27;[0m&amp#27;[32mUser opens the browser&amp#27;[0m                                                                                  &amp#27;[90m# com.Magento.StepDefinition.userRegistrationStepDefinition.user_opens_the_browser()&amp#27;[0m
  &amp#27;[32mAnd &amp#27;[0m&amp#27;[32mUser navigates to the application Url &amp#27;[0m&amp#27;[32m&amp#27;[1m"https://magento.softwaretestingboard.com/"&amp#27;[0m                         &amp#27;[90m# com.Magento.StepDefinition.userRegistrationStepDefinition.user_navigates_to_the_application_url(java.lang.String)&amp#27;[0m
  &amp#27;[32mWhen &amp#27;[0m&amp#27;[32mUser click the Sign in link in the homepage&amp#27;[0m                                                              &amp#27;[90m# com.Magento.StepDefinition.signInFunctionStepDefinition.user_click_the_sign_in_link_in_the_homepage()&amp#27;[0m
  &amp#27;[32mAnd &amp#27;[0m&amp#27;[32muser Enters the valid Login Credentials&amp#27;[0m                                                                   &amp#27;[90m# com.Magento.StepDefinition.signInFunctionStepDefinition.user_enters_the_valid_login_credentials(io.cucumber.datatable.DataTable)&amp#27;[0m
    | Exceldata.xlsx |
  &amp#27;[32mAnd &amp#27;[0m&amp#27;[32mUser click the sign in button&amp#27;[0m                                                                             &amp#27;[90m# com.Magento.StepDefinition.signInFunctionStepDefinition.user_click_the_sign_in_button()&amp#27;[0m
  &amp#27;[32mAnd &amp#27;[0m&amp#27;[32mUser Enter the data &amp#27;[0m&amp#27;[32m&amp#27;[1m"shorts"&amp#27;[0m&amp#27;[32m in the search textbox&amp#27;[0m                                                        &amp#27;[90m# com.Magento.StepDefinition.productSelectionStepDefinition.user_enter_the_data_in_the_search_textbox(java.lang.String)&amp#27;[0m
  &amp#27;[32mAnd &amp#27;[0m&amp#27;[32mUser selects the shorts for men form the Auto Suggestion &amp#27;[0m&amp#27;[32m&amp#27;[1m'shorts for men'&amp#27;[0m                                 &amp#27;[90m# com.Magento.StepDefinition.productSelectionStepDefinition.user_selects_the_shorts_for_men_form_the_auto_suggestion(java.lang.String)&amp#27;[0m
  &amp#27;[32mAnd &amp#27;[0m&amp#27;[32mUser clicks on the &amp#27;[0m&amp#27;[32m&amp#27;[1m'Rapha Sports Short'&amp#27;[0m&amp#27;[32m from the search results&amp#27;[0m                                           &amp#27;[90m# com.Magento.StepDefinition.productSelectionStepDefinition.user_clicks_on_the_from_the_search_results(java.lang.String)&amp#27;[0m
  &amp#27;[32mAnd &amp#27;[0m&amp#27;[32mUser Selects the size,colour and quatity&amp#27;[0m                                                                  &amp#27;[90m# com.Magento.StepDefinition.productSelectionStepDefinition.user_selects_the_size_colour_and_quatity(io.cucumber.datatable.DataTable)&amp#27;[0m
    | Exceldata.xlsx |
  &amp#27;[32mAnd &amp#27;[0m&amp#27;[32mUser clicks the Add to cart button&amp#27;[0m                                                                        &amp#27;[90m# com.Magento.StepDefinition.productSelectionStepDefinition.user_clicks_the_add_to_cart_button()&amp#27;[0m
  &amp#27;[32mThen &amp#27;[0m&amp#27;[32mVerify whether product added to cart &amp#27;[0m&amp#27;[32m&amp#27;[1m'You added Rapha Sports Short to your shopping cart.'&amp#27;[0m&amp#27;[32m is displayed.&amp#27;[0m &amp#27;[90m# com.Magento.StepDefinition.productSelectionStepDefinition.verify_whether_product_added_to_cart_is_displayed(java.lang.String)&amp#27;[0m
]]></system-out>
    <system-err><![CDATA[Mar 25, 2025 5:45:28 PM org.openqa.selenium.devtools.CdpVersionFinder findNearestMatch
WARNING: Unable to find an exact match for CDP version 134, returning the closest version; found: 133; Please update to a Selenium version that supports CDP version 134
]]></system-err>
  </testcase>
  <testcase name="runScenario[&quot;Adding Multiple Products to Cart &amp; Validating Cart Summary&quot;, &quot;validating products in cart&quot;](4)" classname="com.Magento.TestRunner.magentoAppTestNGTestRunner" time="65.355">
    <system-out><![CDATA[
Scenario Outline: Adding Multiple Products to Cart & Validating Cart Summary                                        &amp#27;[90m# src/test/resources/com.Magento.Features/4_ValidatingCartSummary.feature:29&amp#27;[0m
  &amp#27;[32mGiven &amp#27;[0m&amp#27;[32mUser opens the browser&amp#27;[0m                                                                                      &amp#27;[90m# com.Magento.StepDefinition.userRegistrationStepDefinition.user_opens_the_browser()&amp#27;[0m
  &amp#27;[32mAnd &amp#27;[0m&amp#27;[32mUser navigates to the application Url &amp#27;[0m&amp#27;[32m&amp#27;[1m"https://magento.softwaretestingboard.com/"&amp#27;[0m                             &amp#27;[90m# com.Magento.StepDefinition.userRegistrationStepDefinition.user_navigates_to_the_application_url(java.lang.String)&amp#27;[0m
  &amp#27;[32mWhen &amp#27;[0m&amp#27;[32mUser click the Sign in link in the homepage&amp#27;[0m                                                                  &amp#27;[90m# com.Magento.StepDefinition.signInFunctionStepDefinition.user_click_the_sign_in_link_in_the_homepage()&amp#27;[0m
  &amp#27;[32mAnd &amp#27;[0m&amp#27;[32muser Enters the valid Login Credentials&amp#27;[0m                                                                       &amp#27;[90m# com.Magento.StepDefinition.signInFunctionStepDefinition.user_enters_the_valid_login_credentials(io.cucumber.datatable.DataTable)&amp#27;[0m
    | Exceldata.xlsx |
  &amp#27;[32mAnd &amp#27;[0m&amp#27;[32mUser click the sign in button&amp#27;[0m                                                                                 &amp#27;[90m# com.Magento.StepDefinition.signInFunctionStepDefinition.user_click_the_sign_in_button()&amp#27;[0m
  &amp#27;[32mAnd &amp#27;[0m&amp#27;[32mUser empties the cart elements&amp#27;[0m                                                                                &amp#27;[90m# com.Magento.StepDefinition.validatingCartSummaryStepDefinition.user_empties_the_cart_elements()&amp#27;[0m
  &amp#27;[32mAnd &amp#27;[0m&amp#27;[32mUser Enter the data &amp#27;[0m&amp#27;[32m&amp#27;[1m"shorts"&amp#27;[0m&amp#27;[32m in the search textbox&amp#27;[0m                                                            &amp#27;[90m# com.Magento.StepDefinition.productSelectionStepDefinition.user_enter_the_data_in_the_search_textbox(java.lang.String)&amp#27;[0m
  &amp#27;[32mAnd &amp#27;[0m&amp#27;[32mUser selects the shorts for men form the Auto Suggestion &amp#27;[0m&amp#27;[32m&amp#27;[1m'shorts for men'&amp#27;[0m                                     &amp#27;[90m# com.Magento.StepDefinition.productSelectionStepDefinition.user_selects_the_shorts_for_men_form_the_auto_suggestion(java.lang.String)&amp#27;[0m
  &amp#27;[32mAnd &amp#27;[0m&amp#27;[32mUser clicks on the &amp#27;[0m&amp#27;[32m&amp#27;[1m'Rapha Sports Short'&amp#27;[0m&amp#27;[32m from the search results&amp#27;[0m                                               &amp#27;[90m# com.Magento.StepDefinition.productSelectionStepDefinition.user_clicks_on_the_from_the_search_results(java.lang.String)&amp#27;[0m
  &amp#27;[32mAnd &amp#27;[0m&amp#27;[32mUser Selects the size,colour and quatity&amp#27;[0m                                                                      &amp#27;[90m# com.Magento.StepDefinition.productSelectionStepDefinition.user_selects_the_size_colour_and_quatity(io.cucumber.datatable.DataTable)&amp#27;[0m
    | Exceldata.xlsx |
  &amp#27;[32mAnd &amp#27;[0m&amp#27;[32mUser clicks the Add to cart button&amp#27;[0m                                                                            &amp#27;[90m# com.Magento.StepDefinition.productSelectionStepDefinition.user_clicks_the_add_to_cart_button()&amp#27;[0m
  &amp#27;[32mAnd &amp#27;[0m&amp#27;[32mUser Enter the data &amp#27;[0m&amp#27;[32m&amp#27;[1m"shorts"&amp#27;[0m&amp#27;[32m in the search textbox&amp#27;[0m                                                            &amp#27;[90m# com.Magento.StepDefinition.productSelectionStepDefinition.user_enter_the_data_in_the_search_textbox(java.lang.String)&amp#27;[0m
  &amp#27;[32mAnd &amp#27;[0m&amp#27;[32mUser selects the shorts for men form the Auto Suggestion &amp#27;[0m&amp#27;[32m&amp#27;[1m'shorts for men'&amp#27;[0m                                     &amp#27;[90m# com.Magento.StepDefinition.productSelectionStepDefinition.user_selects_the_shorts_for_men_form_the_auto_suggestion(java.lang.String)&amp#27;[0m
  &amp#27;[32mAnd &amp#27;[0m&amp#27;[32mUser clicks on the &amp#27;[0m&amp#27;[32m&amp#27;[1m"Meteor Workout Short"&amp#27;[0m&amp#27;[32m from the search results&amp#27;[0m                                             &amp#27;[90m# com.Magento.StepDefinition.productSelectionStepDefinition.user_clicks_on_the_from_the_search_results(java.lang.String)&amp#27;[0m
  &amp#27;[32mAnd &amp#27;[0m&amp#27;[32mUser Selects the size,colour and quatity&amp#27;[0m                                                                      &amp#27;[90m# com.Magento.StepDefinition.productSelectionStepDefinition.user_selects_the_size_colour_and_quatity(io.cucumber.datatable.DataTable)&amp#27;[0m
    | Exceldata.xlsx |
  &amp#27;[32mAnd &amp#27;[0m&amp#27;[32mUser clicks the Add to cart button&amp#27;[0m                                                                            &amp#27;[90m# com.Magento.StepDefinition.productSelectionStepDefinition.user_clicks_the_add_to_cart_button()&amp#27;[0m
  &amp#27;[32mAnd &amp#27;[0m&amp#27;[32mUser navigates to shopping cart&amp#27;[0m                                                                               &amp#27;[90m# com.Magento.StepDefinition.validatingCartSummaryStepDefinition.user_navigates_to_shopping_cart()&amp#27;[0m
  &amp#27;[32mThen &amp#27;[0m&amp#27;[32mUser verifies the selected items names &amp#27;[0m&amp#27;[32m&amp#27;[1m"Rapha Sports Short"&amp#27;[0m&amp#27;[32m , &amp#27;[0m&amp#27;[32m&amp#27;[1m"Meteor Workout Short"&amp#27;[0m&amp#27;[32m and Total Cost &amp#27;[0m&amp#27;[32m&amp#27;[1m"$67.50"&amp#27;[0m &amp#27;[90m# com.Magento.StepDefinition.validatingCartSummaryStepDefinition.user_verifies_the_selected_items_names_and_total_cost(java.lang.String,java.lang.String,java.lang.String)&amp#27;[0m
]]></system-out>
    <system-err><![CDATA[Mar 25, 2025 5:47:30 PM org.openqa.selenium.devtools.CdpVersionFinder findNearestMatch
WARNING: Unable to find an exact match for CDP version 134, returning the closest version; found: 133; Please update to a Selenium version that supports CDP version 134
]]></system-err>
  </testcase>
  <testcase name="runScenario[&quot;To check chekout process with valid and invalid data&quot;, &quot;Checking the checkout process&quot;](5)" classname="com.Magento.TestRunner.magentoAppTestNGTestRunner" time="27.543">
    <system-out><![CDATA[
Scenario Outline: To check chekout process with valid and invalid data                                                                                                                                      &amp#27;[90m# src/test/resources/com.Magento.Features/5_CheckOutProcessverification.feature:26&amp#27;[0m
  &amp#27;[32mGiven &amp#27;[0m&amp#27;[32mUser opens the browser&amp#27;[0m                                                                                                                                                                              &amp#27;[90m# com.Magento.StepDefinition.userRegistrationStepDefinition.user_opens_the_browser()&amp#27;[0m
  &amp#27;[32mAnd &amp#27;[0m&amp#27;[32mUser navigates to the application Url &amp#27;[0m&amp#27;[32m&amp#27;[1m"https://magento.softwaretestingboard.com/"&amp#27;[0m                                                                                                                     &amp#27;[90m# com.Magento.StepDefinition.userRegistrationStepDefinition.user_navigates_to_the_application_url(java.lang.String)&amp#27;[0m
  &amp#27;[32mWhen &amp#27;[0m&amp#27;[32mUser click the Sign in link in the homepage&amp#27;[0m                                                                                                                                                          &amp#27;[90m# com.Magento.StepDefinition.signInFunctionStepDefinition.user_click_the_sign_in_link_in_the_homepage()&amp#27;[0m
  &amp#27;[32mAnd &amp#27;[0m&amp#27;[32muser Enters the valid Login Credentials&amp#27;[0m                                                                                                                                                               &amp#27;[90m# com.Magento.StepDefinition.signInFunctionStepDefinition.user_enters_the_valid_login_credentials(io.cucumber.datatable.DataTable)&amp#27;[0m
    | Exceldata.xlsx |
  &amp#27;[32mAnd &amp#27;[0m&amp#27;[32mUser click the sign in button&amp#27;[0m                                                                                                                                                                         &amp#27;[90m# com.Magento.StepDefinition.signInFunctionStepDefinition.user_click_the_sign_in_button()&amp#27;[0m
  &amp#27;[32mAnd &amp#27;[0m&amp#27;[32mUser clicks the cart icon on the homepage&amp#27;[0m                                                                                                                                                             &amp#27;[90m# com.Magento.StepDefinition.checkOutProcessStepDefinition.user_clicks_the_cart_icon_on_the_homepage()&amp#27;[0m
  &amp#27;[32mAnd &amp#27;[0m&amp#27;[32mUser then clicks the Proceed to chekout button&amp#27;[0m                                                                                                                                                        &amp#27;[90m# com.Magento.StepDefinition.checkOutProcessStepDefinition.user_then_clicks_the_proceed_to_chekout_button()&amp#27;[0m
  &amp#27;[32mAnd &amp#27;[0m&amp#27;[32mUser enters the shipping address fields with valid data except zip/postal code textbox&amp#27;[0m                                                                                                                &amp#27;[90m# com.Magento.StepDefinition.checkOutProcessStepDefinition.user_enters_the_shipping_address_fields_with_valid_data_except_zip_postal_code_textbox(io.cucumber.datatable.DataTable)&amp#27;[0m
    | Exceldata.xlsx |
  &amp#27;[32mThen &amp#27;[0m&amp#27;[32mUser verifies the &amp#27;[0m&amp#27;[32m&amp#27;[1m'Provided Zip/Postal Code seems to be invalid. Example: 12345-6789; 12345. If you believe it is the right one you can ignore this notice.'&amp#27;[0m&amp#27;[32m didplayed under zip/postal code textbox&amp#27;[0m &amp#27;[90m# com.Magento.StepDefinition.checkOutProcessStepDefinition.user_verifies_the_didplayed_under_zip_postal_code_textbox(java.lang.String)&amp#27;[0m
  &amp#27;[32mWhen &amp#27;[0m&amp#27;[32mUser re-Enters the valid data in zip/postal code textbox&amp#27;[0m                                                                                                                                             &amp#27;[90m# com.Magento.StepDefinition.checkOutProcessStepDefinition.user_re_enters_the_valid_data_in_zip_postal_code_textbox(io.cucumber.datatable.DataTable)&amp#27;[0m
    | Exceldata.xlsx |
  &amp#27;[32mAnd &amp#27;[0m&amp#27;[32mUser enters remaining data&amp#27;[0m                                                                                                                                                                            &amp#27;[90m# com.Magento.StepDefinition.checkOutProcessStepDefinition.user_enters_remaining_data(io.cucumber.datatable.DataTable)&amp#27;[0m
    | Exceldata.xlsx |
  &amp#27;[32mAnd &amp#27;[0m&amp#27;[32mUser clicks the next button&amp#27;[0m                                                                                                                                                                           &amp#27;[90m# com.Magento.StepDefinition.checkOutProcessStepDefinition.user_clicks_the_next_button()&amp#27;[0m
  &amp#27;[32mAnd &amp#27;[0m&amp#27;[32mUser clicks the place order button&amp#27;[0m                                                                                                                                                                    &amp#27;[90m# com.Magento.StepDefinition.checkOutProcessStepDefinition.user_clicks_the_place_order_button()&amp#27;[0m
  &amp#27;[32mThen &amp#27;[0m&amp#27;[32mUser verifies the Thank you &amp#27;[0m&amp#27;[32m&amp#27;[1m'Thank you for your purchase!'&amp#27;[0m                                                                                                                                           &amp#27;[90m# com.Magento.StepDefinition.checkOutProcessStepDefinition.user_verifies_the_thank_you(java.lang.String)&amp#27;[0m
]]></system-out>
    <system-err><![CDATA[Mar 25, 2025 5:48:36 PM org.openqa.selenium.devtools.CdpVersionFinder findNearestMatch
WARNING: Unable to find an exact match for CDP version 134, returning the closest version; found: 133; Please update to a Selenium version that supports CDP version 134
]]></system-err>
  </testcase>
  <testcase name="runScenario[&quot;Checking logging out functionality and verifying session ending.&quot;, &quot;Checking the logout functionality&quot;](6)" classname="com.Magento.TestRunner.magentoAppTestNGTestRunner" time="19.747">
    <system-out><![CDATA[
Scenario Outline: Checking logging out functionality and verifying session ending.      &amp#27;[90m# src/test/resources/com.Magento.Features/6_LoggingOutFunctionality.feature:16&amp#27;[0m
  &amp#27;[32mGiven &amp#27;[0m&amp#27;[32mUser opens the browser&amp#27;[0m                                                          &amp#27;[90m# com.Magento.StepDefinition.userRegistrationStepDefinition.user_opens_the_browser()&amp#27;[0m
  &amp#27;[32mAnd &amp#27;[0m&amp#27;[32mUser navigates to the application Url &amp#27;[0m&amp#27;[32m&amp#27;[1m"https://magento.softwaretestingboard.com/"&amp#27;[0m &amp#27;[90m# com.Magento.StepDefinition.userRegistrationStepDefinition.user_navigates_to_the_application_url(java.lang.String)&amp#27;[0m
  &amp#27;[32mWhen &amp#27;[0m&amp#27;[32mUser click the Sign in link in the homepage&amp#27;[0m                                      &amp#27;[90m# com.Magento.StepDefinition.signInFunctionStepDefinition.user_click_the_sign_in_link_in_the_homepage()&amp#27;[0m
  &amp#27;[32mAnd &amp#27;[0m&amp#27;[32muser Enters the valid Login Credentials&amp#27;[0m                                           &amp#27;[90m# com.Magento.StepDefinition.signInFunctionStepDefinition.user_enters_the_valid_login_credentials(io.cucumber.datatable.DataTable)&amp#27;[0m
    | Exceldata.xlsx |
  &amp#27;[32mAnd &amp#27;[0m&amp#27;[32mUser click the sign in button&amp#27;[0m                                                     &amp#27;[90m# com.Magento.StepDefinition.signInFunctionStepDefinition.user_click_the_sign_in_button()&amp#27;[0m
  &amp#27;[32mAnd &amp#27;[0m&amp#27;[32mUser clicks the dropdown and clicks sign out button beside the username&amp#27;[0m           &amp#27;[90m# com.Magento.StepDefinition.loggingOutFunctionalityStepDefinition.user_clicks_the_dropdown_and_clicks_sign_out_button_beside_the_username()&amp#27;[0m
  &amp#27;[32mThen &amp#27;[0m&amp#27;[32mUser verifies sign out &amp#27;[0m&amp#27;[32m&amp#27;[1m'You are signed out'&amp#27;[0m                                      &amp#27;[90m# com.Magento.StepDefinition.loggingOutFunctionalityStepDefinition.user_verifies_sign_out(java.lang.String)&amp#27;[0m
  &amp#27;[32mAnd &amp#27;[0m&amp#27;[32mUser verifies the &amp#27;[0m&amp#27;[32m&amp#27;[1m"Home Page"&amp#27;[0m                                                     &amp#27;[90m# com.Magento.StepDefinition.signInFunctionStepDefinition.user_verifies_the(java.lang.String)&amp#27;[0m
]]></system-out>
    <system-err><![CDATA[Mar 25, 2025 5:49:03 PM org.openqa.selenium.devtools.CdpVersionFinder findNearestMatch
WARNING: Unable to find an exact match for CDP version 134, returning the closest version; found: 133; Please update to a Selenium version that supports CDP version 134
]]></system-err>
  </testcase>
</testsuite>