<?xml version="1.0" encoding="UTF-8"?>
<!-- Generated by org.testng.reporters.JUnitReportReporter -->
<testsuite hostname="LAPTOP-FOPH4DRC" failures="0" tests="1" name="com.Magento.TestRunner.loggingOutFunctionalityTestRunner" time="22.452" errors="0" timestamp="2025-03-21T13:23:54 IST" skipped="0">
  <testcase classname="com.Magento.TestRunner.loggingOutFunctionalityTestRunner" name="runScenario" time="22.452"/>
</testsuite> <!-- com.Magento.TestRunner.loggingOutFunctionalityTestRunner -->
