<?xml version="1.0" encoding="UTF-8"?>
<!-- Generated by org.testng.reporters.JUnitReportReporter -->
<testsuite hostname="LAPTOP-FOPH4DRC" failures="0" tests="1" name="com.Magento.TestRunner.validatingcartSummaryTestRunner" time="45.525" errors="0" timestamp="2025-03-21T18:48:13 IST" skipped="0">
  <testcase classname="com.Magento.TestRunner.validatingcartSummaryTestRunner" name="runScenario" time="45.525"/>
</testsuite> <!-- com.Magento.TestRunner.validatingcartSummaryTestRunner -->
