<?xml version="1.0" encoding="UTF-8"?>
<!-- Generated by org.testng.reporters.JUnitReportReporter -->
<testsuite hostname="LAPTOP-FOPH4DRC" failures="0" tests="1" name="com.Magento.TestRunner.userRegistrationTestRunner" time="18.727" errors="0" timestamp="2025-03-21T15:58:59 IST" skipped="0">
  <testcase classname="com.Magento.TestRunner.userRegistrationTestRunner" name="runScenario" time="18.727"/>
</testsuite> <!-- com.Magento.TestRunner.userRegistrationTestRunner -->
