<?xml version="1.0" encoding="UTF-8"?>
<!-- Generated by org.testng.reporters.JUnitReportReporter -->
<testsuite hostname="LAPTOP-FOPH4DRC" failures="0" tests="1" name="com.Magento.TestRunner.checkOutProcessverificationTestRunner" time="32.180" errors="0" timestamp="2025-03-21T19:03:49 IST" skipped="0">
  <testcase classname="com.Magento.TestRunner.checkOutProcessverificationTestRunner" name="runScenario" time="32.180"/>
</testsuite> <!-- com.Magento.TestRunner.checkOutProcessverificationTestRunner -->
