<?xml version="1.0" encoding="UTF-8"?>
<!-- Generated by org.testng.reporters.JUnitReportReporter -->
<testsuite hostname="LAPTOP-FOPH4DRC" failures="0" tests="1" name="com.Magento.TestRunner.signInFunctionTestRunner" time="23.434" errors="0" timestamp="2025-03-21T15:01:57 IST" skipped="0">
  <testcase classname="com.Magento.TestRunner.signInFunctionTestRunner" name="runScenario" time="23.434"/>
</testsuite> <!-- com.Magento.TestRunner.signInFunctionTestRunner -->
