<?xml version="1.0" encoding="UTF-8"?>
<!-- Generated by org.testng.reporters.JUnitReportReporter -->
<testsuite hostname="LAPTOP-FOPH4DRC" failures="0" tests="6" name="com.Magento.TestRunner.magentoAppTestNGTestRunner" time="196.171" errors="0" timestamp="2025-03-22T20:31:22 IST" skipped="0">
  <testcase classname="com.Magento.TestRunner.magentoAppTestNGTestRunner" name="runScenario" time="13.408"/>
  <testcase classname="com.Magento.TestRunner.magentoAppTestNGTestRunner" name="runScenario" time="42.065"/>
  <testcase classname="com.Magento.TestRunner.magentoAppTestNGTestRunner" name="runScenario" time="53.474"/>
  <testcase classname="com.Magento.TestRunner.magentoAppTestNGTestRunner" name="runScenario" time="15.887"/>
  <testcase classname="com.Magento.TestRunner.magentoAppTestNGTestRunner" name="runScenario" time="42.903"/>
  <testcase classname="com.Magento.TestRunner.magentoAppTestNGTestRunner" name="runScenario" time="28.434"/>
</testsuite> <!-- com.Magento.TestRunner.magentoAppTestNGTestRunner -->
