<?xml version="1.0" encoding="UTF-8"?>
<!-- Generated by org.testng.reporters.JUnitReportReporter -->
<testsuite hostname="LAPTOP-FOPH4DRC" failures="0" tests="1" name="com.Magento.TestRunner.productSelectionTestRunner" time="30.002" errors="0" timestamp="2025-03-21T13:16:25 IST" skipped="0">
  <testcase classname="com.Magento.TestRunner.productSelectionTestRunner" name="runScenario" time="30.002"/>
</testsuite> <!-- com.Magento.TestRunner.productSelectionTestRunner -->
