<?xml version="1.0" encoding="UTF-8"?>
<!-- Generated by org.testng.reporters.JUnitReportReporter -->
<testsuite hostname="LAPTOP-FOPH4DRC" failures="0" tests="6" name="com.Magento.TestRunner.magentoAppTestNGTestRunner" time="314.436" errors="0" timestamp="2025-03-25T17:49:23 IST" skipped="0">
  <testcase classname="com.Magento.TestRunner.magentoAppTestNGTestRunner" name="runScenario" time="27.540"/>
  <testcase classname="com.Magento.TestRunner.magentoAppTestNGTestRunner" name="runScenario" time="122.259"/>
  <testcase classname="com.Magento.TestRunner.magentoAppTestNGTestRunner" name="runScenario" time="65.348"/>
  <testcase classname="com.Magento.TestRunner.magentoAppTestNGTestRunner" name="runScenario" time="40.880"/>
  <testcase classname="com.Magento.TestRunner.magentoAppTestNGTestRunner" name="runScenario" time="19.742"/>
  <testcase classname="com.Magento.TestRunner.magentoAppTestNGTestRunner" name="runScenario" time="38.667"/>
</testsuite> <!-- com.Magento.TestRunner.magentoAppTestNGTestRunner -->
